2018-07-19 02:58:28 +0000  Initial pipeline context: <IDEDistributionProcessingPipelineContext: 0x7fe9302a2c40; archive(resolved)='<IDEArchive: 0x7fe913158200>', distributionTask(resolved)='2', distributionMethod(resolved)='<IDEDistributionMethodiOSEnterprise: 0x7fe92b1a7680>', team(resolved)='<IDEProvisioningBasicTeam: 0x7fe92faf5e40; teamID='4WQ2T93P22', teamName='salesforce.com, inc'>'>
	Chain (11, self inclusive):
	<IDEDistributionProcessingPipelineContext: 0x7fe9302a2c40; archive = '<IDEArchive: 0x7fe913158200>', distributionMethod='<IDEDistributionMethodiOSEnterprise: 0x7fe92b1a7680>', team='<IDEProvisioningBasicTeam: 0x7fe92faf5e40; teamID='4WQ2T93P22', teamName='salesforce.com, inc'>'>
	<IDEDistributionProcessingPipelineContext: 0x7fe92fe67a80; archive = '<IDEArchive: 0x7fe913158200>', distributionMethod='<IDEDistributionMethodiOSEnterprise: 0x7fe92b1a7680>', team='<IDEProvisioningBasicTeam: 0x7fe92faf5e40; teamID='4WQ2T93P22', teamName='salesforce.com, inc'>'>
	<IDEDistributionContext: 0x7fe911ed0b20; archive = '<IDEArchive: 0x7fe913158200>', distributionMethod='<IDEDistributionMethodiOSEnterprise: 0x7fe92b1a7680>', team='<IDEProvisioningBasicTeam: 0x7fe92faf5e40; teamID='4WQ2T93P22', teamName='salesforce.com, inc'>'>
	<IDEDistributionContext: 0x7fe92fcaad80; archive = '<IDEArchive: 0x7fe913158200>', distributionMethod='<IDEDistributionMethodiOSEnterprise: 0x7fe92b1a7680>', team='<IDEProvisioningBasicTeam: 0x7fe92faf5e40; teamID='4WQ2T93P22', teamName='salesforce.com, inc'>'>
	<IDEDistributionContext: 0x7fe9283f66a0; archive = '<IDEArchive: 0x7fe913158200>', distributionMethod='<IDEDistributionMethodiOSEnterprise: 0x7fe92b1a7680>', team='<IDEProvisioningBasicTeam: 0x7fe92faf5e40; teamID='4WQ2T93P22', teamName='salesforce.com, inc'>'>
	<IDEDistributionContext: 0x7fe92b5606a0; archive = '<IDEArchive: 0x7fe913158200>', distributionMethod='<IDEDistributionMethodiOSEnterprise: 0x7fe92b1a7680>', team='<IDEProvisioningBasicTeam: 0x7fe92faf5e40; teamID='4WQ2T93P22', teamName='salesforce.com, inc'>'>
	<IDEDistributionContext: 0x7fe930181bc0; archive = '<IDEArchive: 0x7fe913158200>', distributionMethod='<IDEDistributionMethodiOSEnterprise: 0x7fe92b1a7680>', team='<IDEProvisioningBasicTeam: 0x7fe92faf5e40; teamID='4WQ2T93P22', teamName='salesforce.com, inc'>'>
	<IDEDistributionContext: 0x7fe93091b270; archive = '<IDEArchive: 0x7fe913158200>', distributionMethod='<IDEDistributionMethodiOSEnterprise: 0x7fe92b1a7680>', team='<IDEProvisioningBasicTeam: 0x7fe92faf5e40; teamID='4WQ2T93P22', teamName='salesforce.com, inc'>'>
	<IDEDistributionContext: 0x7fe92ca1c6b0; archive = '<IDEArchive: 0x7fe913158200>', distributionMethod='<IDEDistributionMethodiOSEnterprise: 0x7fe92b1a7680>', team='<IDEProvisioningBasicTeam: 0x7fe92faf5e40; teamID='4WQ2T93P22', teamName='salesforce.com, inc'>'>
	<IDEDistributionContext: 0x7fe9131470f0; archive = '<IDEArchive: 0x7fe913158200>', distributionMethod='<IDEDistributionMethodiOSEnterprise: 0x7fe92b1a7680>', team='(null)'>
	<IDEDistributionContext: 0x7fe911c19650; archive = '<IDEArchive: 0x7fe913158200>', distributionMethod='(null)', team='(null)'>
</IDEDistributionProcessingPipelineContext: 0x7fe9302a2c40>
2018-07-19 02:58:28 +0000  Processing step: IDEDistributionCreateDestRootStep
2018-07-19 02:58:28 +0000  Processing step: IDEDistributionCopyItemStep
2018-07-19 02:58:28 +0000  Running /usr/bin/ditto '-V' '/Users/mmeisels/Library/Developer/Xcode/Archives/2018-07-19/FixLoyalty 19-7-18, 12.57 pm.xcarchive/Products/Applications/Grand Prix.app' '/var/folders/3d/0z0dxzm536179glx2_9lm12rdm3w1q/T/XcodeDistPipeline.QfA/Root/Payload/Grand Prix.app'
2018-07-19 02:58:28 +0000  >>> Copying /Users/mmeisels/Library/Developer/Xcode/Archives/2018-07-19/FixLoyalty 19-7-18, 12.57 pm.xcarchive/Products/Applications/Grand Prix.app 
2018-07-19 02:58:28 +0000  copying file ./_CodeSignature/CodeResources ... 
2018-07-19 02:58:28 +0000  72905 bytes for ./_CodeSignature/CodeResources
2018-07-19 02:58:28 +0000  copying file ./MainViewController.nib ... 
2018-07-19 02:58:28 +0000  943 bytes for ./MainViewController.nib
copying file ./Grand Prix ... 
2018-07-19 02:58:28 +0000  550656 bytes for ./Grand Prix
2018-07-19 02:58:28 +0000  copying file ./AppIcon60x60@2x.png ... 
2018-07-19 02:58:28 +0000  14729 bytes for ./AppIcon60x60@2x.png
copying file ./config.xml ... 
2018-07-19 02:58:28 +0000  3708 bytes for ./config.xml
2018-07-19 02:58:28 +0000  copying file ./www/index.html ... 
2018-07-19 02:58:28 +0000  1937 bytes for ./www/index.html
2018-07-19 02:58:28 +0000  copying file ./www/cordova.js ... 
2018-07-19 02:58:28 +0000  61623 bytes for ./www/cordova.js
2018-07-19 02:58:28 +0000  copying file ./www/css/app.css ... 
2018-07-19 02:58:28 +0000  9169 bytes for ./www/css/app.css
copying file ./www/css/img/logoold.svg ... 
1663 bytes for ./www/css/img/logoold.svg
copying file ./www/css/img/icon-facebook.svg ... 
2018-07-19 02:58:28 +0000  1434 bytes for ./www/css/img/icon-facebook.svg
copying file ./www/css/img/arrow-right.svg ... 
2018-07-19 02:58:28 +0000  1459 bytes for ./www/css/img/arrow-right.svg
copying file ./www/css/img/icon-arrow-right.png ... 
1871 bytes for ./www/css/img/icon-arrow-right.png
copying file ./www/css/img/spinner2x.png ... 
2018-07-19 02:58:28 +0000  5201 bytes for ./www/css/img/spinner2x.png
copying file ./www/css/img/chocolate-square.svg ... 
2018-07-19 02:58:28 +0000  1271 bytes for ./www/css/img/chocolate-square.svg
copying file ./www/css/img/background.png ... 
2018-07-19 02:58:28 +0000  1569693 bytes for ./www/css/img/background.png
2018-07-19 02:58:28 +0000  copying file ./www/css/img/icon-twitter.svg ... 
2772 bytes for ./www/css/img/icon-twitter.svg
copying file ./www/css/img/Preferences.svg ... 
1578 bytes for ./www/css/img/Preferences.svg
2018-07-19 02:58:28 +0000  copying file ./www/css/img/logo.png ... 
2018-07-19 02:58:28 +0000  107366 bytes for ./www/css/img/logo.png
copying file ./www/css/img/icon-basket.svg ... 
2018-07-19 02:58:28 +0000  1684 bytes for ./www/css/img/icon-basket.svg
copying file ./www/css/img/icon-status2.png ... 
13668 bytes for ./www/css/img/icon-status2.png
copying file ./www/css/img/points.png ... 
6995 bytes for ./www/css/img/points.png
copying file ./www/css/img/icon-points1.svg ... 
2018-07-19 02:58:28 +0000  806 bytes for ./www/css/img/icon-points1.svg
copying file ./www/css/img/icon-status3.png ... 
2018-07-19 02:58:28 +0000  14223 bytes for ./www/css/img/icon-status3.png
copying file ./www/css/img/icon-preference.png ... 
2018-07-19 02:58:28 +0000  4519 bytes for ./www/css/img/icon-preference.png
2018-07-19 02:58:28 +0000  copying file ./www/css/img/icon-status1.png ... 
2018-07-19 02:58:28 +0000  7388 bytes for ./www/css/img/icon-status1.png
copying file ./www/css/img/icon-points2.svg ... 
2018-07-19 02:58:28 +0000  806 bytes for ./www/css/img/icon-points2.svg
2018-07-19 02:58:28 +0000  copying file ./www/css/img/icon-points3.svg ... 
2018-07-19 02:58:28 +0000  806 bytes for ./www/css/img/icon-points3.svg
copying file ./www/css/img/spinner.png ... 
2018-07-19 02:58:28 +0000  2707 bytes for ./www/css/img/spinner.png
copying file ./www/css/img/icon-status1.svg ... 
1574 bytes for ./www/css/img/icon-status1.svg
copying file ./www/css/img/chocolate-square2.png ... 
2018-07-19 02:58:28 +0000  7315 bytes for ./www/css/img/chocolate-square2.png
copying file ./www/css/img/Tags.svg ... 
2018-07-19 02:58:28 +0000  2368 bytes for ./www/css/img/Tags.svg
2018-07-19 02:58:28 +0000  copying file ./www/css/img/Log Out.svg ... 
2018-07-19 02:58:28 +0000  1932 bytes for ./www/css/img/Log Out.svg
2018-07-19 02:58:28 +0000  copying file ./www/css/img/icon-status3.svg ... 
2018-07-19 02:58:28 +0000  1574 bytes for ./www/css/img/icon-status3.svg
copying file ./www/css/img/icon-status2.svg ... 
2018-07-19 02:58:28 +0000  1574 bytes for ./www/css/img/icon-status2.svg
copying file ./www/css/img/logo2.svg ... 
2018-07-19 02:58:28 +0000  53143 bytes for ./www/css/img/logo2.svg
copying file ./www/css/img/logo.svg ... 
2018-07-19 02:58:28 +0000  3132 bytes for ./www/css/img/logo.svg
2018-07-19 02:58:28 +0000  copying file ./www/css/img/Help.svg ... 
2018-07-19 02:58:28 +0000  3185 bytes for ./www/css/img/Help.svg
copying file ./www/css/img/icon-google.svg ... 
2018-07-19 02:58:28 +0000  2502 bytes for ./www/css/img/icon-google.svg
2018-07-19 02:58:28 +0000  copying file ./www/css/font/SourceSansPro-Light.otf ... 
2018-07-19 02:58:28 +0000  98972 bytes for ./www/css/font/SourceSansPro-Light.otf
2018-07-19 02:58:28 +0000  copying file ./www/css/font/SourceCodePro-Light.otf ... 
2018-07-19 02:58:28 +0000  88152 bytes for ./www/css/font/SourceCodePro-Light.otf
copying file ./www/css/font/SourceSansPro-LightIt.otf ... 
2018-07-19 02:58:28 +0000  97352 bytes for ./www/css/font/SourceSansPro-LightIt.otf
2018-07-19 02:58:28 +0000  copying file ./www/css/font/SourceSansPro-SemiboldIt.otf ... 
2018-07-19 02:58:28 +0000  100000 bytes for ./www/css/font/SourceSansPro-SemiboldIt.otf
2018-07-19 02:58:28 +0000  copying file ./www/css/font/SourceSansPro-It.otf ... 
2018-07-19 02:58:28 +0000  100556 bytes for ./www/css/font/SourceSansPro-It.otf
2018-07-19 02:58:28 +0000  copying file ./www/css/font/SourceSansPro-Bold.otf ... 
2018-07-19 02:58:28 +0000  104072 bytes for ./www/css/font/SourceSansPro-Bold.otf
2018-07-19 02:58:28 +0000  copying file ./www/css/font/SourceSansPro-Regular.otf ... 
2018-07-19 02:58:28 +0000  101820 bytes for ./www/css/font/SourceSansPro-Regular.otf
2018-07-19 02:58:28 +0000  copying file ./www/css/font/SourceSansPro-BoldIt.otf ... 
2018-07-19 02:58:28 +0000  101848 bytes for ./www/css/font/SourceSansPro-BoldIt.otf
copying file ./www/css/font/SourceSansPro-BlackIt.otf ... 
2018-07-19 02:58:28 +0000  96536 bytes for ./www/css/font/SourceSansPro-BlackIt.otf
copying file ./www/css/font/SourceSansPro-ExtraLightIt.otf ... 
2018-07-19 02:58:28 +0000  92880 bytes for ./www/css/font/SourceSansPro-ExtraLightIt.otf
2018-07-19 02:58:28 +0000  copying file ./www/css/font/SourceCodePro-Semibold.otf ... 
2018-07-19 02:58:28 +0000  89576 bytes for ./www/css/font/SourceCodePro-Semibold.otf
2018-07-19 02:58:28 +0000  copying file ./www/css/font/SourceCodePro-Bold.otf ... 
92248 bytes for ./www/css/font/SourceCodePro-Bold.otf
copying file ./www/css/font/SourceSansPro-ExtraLight.otf ... 
2018-07-19 02:58:28 +0000  94560 bytes for ./www/css/font/SourceSansPro-ExtraLight.otf
2018-07-19 02:58:28 +0000  copying file ./www/css/font/SourceSansPro-Semibold.otf ... 
2018-07-19 02:58:28 +0000  101772 bytes for ./www/css/font/SourceSansPro-Semibold.otf
2018-07-19 02:58:28 +0000  copying file ./www/css/font/LICENSE.txt ... 
2018-07-19 02:58:28 +0000  4622 bytes for ./www/css/font/LICENSE.txt
copying file ./www/css/font/SourceSansPro-Black.otf ... 
2018-07-19 02:58:28 +0000  98472 bytes for ./www/css/font/SourceSansPro-Black.otf
copying file ./www/css/font/SourceCodePro-Black.otf ... 
2018-07-19 02:58:28 +0000  88472 bytes for ./www/css/font/SourceCodePro-Black.otf
2018-07-19 02:58:28 +0000  copying file ./www/css/font/SourceCodePro-Regular.otf ... 
89600 bytes for ./www/css/font/SourceCodePro-Regular.otf
2018-07-19 02:58:28 +0000  copying file ./www/css/font/SourceCodePro-ExtraLight.otf ... 
2018-07-19 02:58:28 +0000  84636 bytes for ./www/css/font/SourceCodePro-ExtraLight.otf
2018-07-19 02:58:28 +0000  copying file ./www/plugins/cordova-plugin-file/www/requestFileSystem.js ... 
2018-07-19 02:58:28 +0000  3221 bytes for ./www/plugins/cordova-plugin-file/www/requestFileSystem.js
2018-07-19 02:58:28 +0000  copying file ./www/plugins/cordova-plugin-file/www/DirectoryEntry.js ... 
2018-07-19 02:58:28 +0000  4671 bytes for ./www/plugins/cordova-plugin-file/www/DirectoryEntry.js
2018-07-19 02:58:28 +0000  copying file ./www/plugins/cordova-plugin-file/www/FileSystem.js ... 
2018-07-19 02:58:28 +0000  1956 bytes for ./www/plugins/cordova-plugin-file/www/FileSystem.js
copying file ./www/plugins/cordova-plugin-file/www/Flags.js ... 
2018-07-19 02:58:28 +0000  1335 bytes for ./www/plugins/cordova-plugin-file/www/Flags.js
2018-07-19 02:58:28 +0000  copying file ./www/plugins/cordova-plugin-file/www/fileSystemPaths.js ... 
2018-07-19 02:58:28 +0000  2547 bytes for ./www/plugins/cordova-plugin-file/www/fileSystemPaths.js
copying file ./www/plugins/cordova-plugin-file/www/FileEntry.js ... 
2018-07-19 02:58:28 +0000  3418 bytes for ./www/plugins/cordova-plugin-file/www/FileEntry.js
2018-07-19 02:58:28 +0000  copying file ./www/plugins/cordova-plugin-file/www/fileSystems.js ... 
2018-07-19 02:58:28 +0000  1046 bytes for ./www/plugins/cordova-plugin-file/www/fileSystems.js
2018-07-19 02:58:28 +0000  copying file ./www/plugins/cordova-plugin-file/www/DirectoryReader.js ... 
2018-07-19 02:58:28 +0000  2729 bytes for ./www/plugins/cordova-plugin-file/www/DirectoryReader.js
copying file ./www/plugins/cordova-plugin-file/www/Metadata.js ... 
2018-07-19 02:58:28 +0000  1485 bytes for ./www/plugins/cordova-plugin-file/www/Metadata.js
2018-07-19 02:58:28 +0000  copying file ./www/plugins/cordova-plugin-file/www/ios/FileSystem.js ... 
2018-07-19 02:58:28 +0000  1184 bytes for ./www/plugins/cordova-plugin-file/www/ios/FileSystem.js
2018-07-19 02:58:28 +0000  copying file ./www/plugins/cordova-plugin-file/www/browser/isChrome.js ... 
2018-07-19 02:58:28 +0000  1232 bytes for ./www/plugins/cordova-plugin-file/www/browser/isChrome.js
2018-07-19 02:58:28 +0000  copying file ./www/plugins/cordova-plugin-file/www/LocalFileSystem.js ... 
2018-07-19 02:58:28 +0000  957 bytes for ./www/plugins/cordova-plugin-file/www/LocalFileSystem.js
copying file ./www/plugins/cordova-plugin-file/www/FileReader.js ... 
2018-07-19 02:58:28 +0000  10431 bytes for ./www/plugins/cordova-plugin-file/www/FileReader.js
2018-07-19 02:58:28 +0000  copying file ./www/plugins/cordova-plugin-file/www/fileSystems-roots.js ... 
1597 bytes for ./www/plugins/cordova-plugin-file/www/fileSystems-roots.js
2018-07-19 02:58:28 +0000  copying file ./www/plugins/cordova-plugin-file/www/FileUploadOptions.js ... 
2018-07-19 02:58:28 +0000  1830 bytes for ./www/plugins/cordova-plugin-file/www/FileUploadOptions.js
copying file ./www/plugins/cordova-plugin-file/www/FileWriter.js ... 
2018-07-19 02:58:28 +0000  10427 bytes for ./www/plugins/cordova-plugin-file/www/FileWriter.js
2018-07-19 02:58:28 +0000  copying file ./www/plugins/cordova-plugin-file/www/FileError.js ... 
2018-07-19 02:58:28 +0000  1480 bytes for ./www/plugins/cordova-plugin-file/www/FileError.js
copying file ./www/plugins/cordova-plugin-file/www/FileUploadResult.js ... 
2018-07-19 02:58:28 +0000  1101 bytes for ./www/plugins/cordova-plugin-file/www/FileUploadResult.js
2018-07-19 02:58:28 +0000  copying file ./www/plugins/cordova-plugin-file/www/ProgressEvent.js ... 
2018-07-19 02:58:28 +0000  2581 bytes for ./www/plugins/cordova-plugin-file/www/ProgressEvent.js
2018-07-19 02:58:28 +0000  copying file ./www/plugins/cordova-plugin-file/www/File.js ... 
2018-07-19 02:58:28 +0000  2712 bytes for ./www/plugins/cordova-plugin-file/www/File.js
2018-07-19 02:58:28 +0000  copying file ./www/plugins/cordova-plugin-file/www/resolveLocalFileSystemURI.js ... 
2018-07-19 02:58:28 +0000  4228 bytes for ./www/plugins/cordova-plugin-file/www/resolveLocalFileSystemURI.js
copying file ./www/plugins/cordova-plugin-file/www/Entry.js ... 
2018-07-19 02:58:28 +0000  9933 bytes for ./www/plugins/cordova-plugin-file/www/Entry.js
2018-07-19 02:58:28 +0000  copying file ./www/plugins/cordova-plugin-inappbrowser/www/inappbrowser.js ... 
2018-07-19 02:58:28 +0000  4417 bytes for ./www/plugins/cordova-plugin-inappbrowser/www/inappbrowser.js
2018-07-19 02:58:28 +0000  copying file ./www/plugins/cordova-plugin-device/www/device.js ... 
2018-07-19 02:58:28 +0000  3062 bytes for ./www/plugins/cordova-plugin-device/www/device.js
2018-07-19 02:58:28 +0000  copying file ./www/plugins/cordova-plugin-geolocation/www/geolocation.js ... 
2018-07-19 02:58:28 +0000  8629 bytes for ./www/plugins/cordova-plugin-geolocation/www/geolocation.js
2018-07-19 02:58:28 +0000  copying file ./www/plugins/cordova-plugin-geolocation/www/PositionError.js ... 
2018-07-19 02:58:28 +0000  1376 bytes for ./www/plugins/cordova-plugin-geolocation/www/PositionError.js
2018-07-19 02:58:28 +0000  copying file ./www/plugins/cordova-plugin-geolocation/www/Coordinates.js ... 
2018-07-19 02:58:28 +0000  2075 bytes for ./www/plugins/cordova-plugin-geolocation/www/Coordinates.js
2018-07-19 02:58:28 +0000  copying file ./www/plugins/cordova-plugin-geolocation/www/Position.js ... 
2018-07-19 02:58:28 +0000  1358 bytes for ./www/plugins/cordova-plugin-geolocation/www/Position.js
2018-07-19 02:58:28 +0000  copying file ./www/plugins/com.unarin.cordova.beacon/www/Regions.js ... 
2018-07-19 02:58:28 +0000  3264 bytes for ./www/plugins/com.unarin.cordova.beacon/www/Regions.js
2018-07-19 02:58:28 +0000  copying file ./www/plugins/com.unarin.cordova.beacon/www/LocationManager.js ... 
21007 bytes for ./www/plugins/com.unarin.cordova.beacon/www/LocationManager.js
copying file ./www/plugins/com.unarin.cordova.beacon/www/Delegate.js ... 
2018-07-19 02:58:28 +0000  4304 bytes for ./www/plugins/com.unarin.cordova.beacon/www/Delegate.js
2018-07-19 02:58:28 +0000  copying file ./www/plugins/com.unarin.cordova.beacon/www/model/Region.js ... 
2018-07-19 02:58:28 +0000  1616 bytes for ./www/plugins/com.unarin.cordova.beacon/www/model/Region.js
2018-07-19 02:58:28 +0000  copying file ./www/plugins/com.unarin.cordova.beacon/www/model/BeaconRegion.js ... 
2018-07-19 02:58:28 +0000  3523 bytes for ./www/plugins/com.unarin.cordova.beacon/www/model/BeaconRegion.js
copying file ./www/plugins/com.unarin.cordova.beacon/www/model/CircularRegion.js ... 
2018-07-19 02:58:28 +0000  3973 bytes for ./www/plugins/com.unarin.cordova.beacon/www/model/CircularRegion.js
2018-07-19 02:58:28 +0000  copying file ./www/plugins/com.unarin.cordova.beacon/www/lib/q.min.js ... 
2018-07-19 02:58:28 +0000  14325 bytes for ./www/plugins/com.unarin.cordova.beacon/www/lib/q.min.js
2018-07-19 02:58:28 +0000  copying file ./www/plugins/com.unarin.cordova.beacon/www/lib/underscore-min-1.6.js ... 
2018-07-19 02:58:28 +0000  14657 bytes for ./www/plugins/com.unarin.cordova.beacon/www/lib/underscore-min-1.6.js
2018-07-19 02:58:28 +0000  copying file ./www/plugins/cordova-plugin-console/www/logger.js ... 
2018-07-19 02:58:28 +0000  10323 bytes for ./www/plugins/cordova-plugin-console/www/logger.js
2018-07-19 02:58:28 +0000  copying file ./www/plugins/cordova-plugin-console/www/console-via-logger.js ... 
2018-07-19 02:58:28 +0000  6896 bytes for ./www/plugins/cordova-plugin-console/www/console-via-logger.js
2018-07-19 02:58:28 +0000  copying file ./www/plugins/cordova-plugin-file-transfer/www/FileTransferError.js ... 
2018-07-19 02:58:28 +0000  1488 bytes for ./www/plugins/cordova-plugin-file-transfer/www/FileTransferError.js
2018-07-19 02:58:28 +0000  copying file ./www/plugins/cordova-plugin-file-transfer/www/FileTransfer.js ... 
2018-07-19 02:58:28 +0000  8568 bytes for ./www/plugins/cordova-plugin-file-transfer/www/FileTransfer.js
2018-07-19 02:58:28 +0000  copying file ./www/plugins/cordova-plugin-dialogs/www/notification.js ... 
2018-07-19 02:58:28 +0000  5999 bytes for ./www/plugins/cordova-plugin-dialogs/www/notification.js
2018-07-19 02:58:28 +0000  copying file ./www/plugins/cordova-plugin-camera/www/CameraPopoverOptions.js ... 
2018-07-19 02:58:28 +0000  2297 bytes for ./www/plugins/cordova-plugin-camera/www/CameraPopoverOptions.js
2018-07-19 02:58:28 +0000  copying file ./www/plugins/cordova-plugin-camera/www/ios/CameraPopoverHandle.js ... 
2018-07-19 02:58:28 +0000  2269 bytes for ./www/plugins/cordova-plugin-camera/www/ios/CameraPopoverHandle.js
2018-07-19 02:58:28 +0000  copying file ./www/plugins/cordova-plugin-camera/www/CameraConstants.js ... 
2018-07-19 02:58:28 +0000  3297 bytes for ./www/plugins/cordova-plugin-camera/www/CameraConstants.js
copying file ./www/plugins/cordova-plugin-camera/www/Camera.js ... 
2018-07-19 02:58:28 +0000  8006 bytes for ./www/plugins/cordova-plugin-camera/www/Camera.js
2018-07-19 02:58:28 +0000  copying file ./www/plugins/de.appplant.cordova.plugin.local-notification/www/local-notification.js ... 
2018-07-19 02:58:28 +0000  10291 bytes for ./www/plugins/de.appplant.cordova.plugin.local-notification/www/local-notification.js
copying file ./www/plugins/de.appplant.cordova.plugin.local-notification/www/local-notification-core.js ... 
13091 bytes for ./www/plugins/de.appplant.cordova.plugin.local-notification/www/local-notification-core.js
copying file ./www/plugins/de.appplant.cordova.plugin.local-notification/www/local-notification-util.js ... 
2018-07-19 02:58:28 +0000  7976 bytes for ./www/plugins/de.appplant.cordova.plugin.local-notification/www/local-notification-util.js
2018-07-19 02:58:28 +0000  copying file ./www/plugins/cordova-plugin-statusbar/www/statusbar.js ... 
3376 bytes for ./www/plugins/cordova-plugin-statusbar/www/statusbar.js
copying file ./www/js/force.oauth.js ... 
2018-07-19 02:58:28 +0000  14876 bytes for ./www/js/force.oauth.js
2018-07-19 02:58:28 +0000  copying file ./www/js/profile.js ... 
5449 bytes for ./www/js/profile.js
copying file ./www/js/oauthcallback.js ... 
2018-07-19 02:58:28 +0000  409 bytes for ./www/js/oauthcallback.js
2018-07-19 02:58:28 +0000  copying file ./www/js/wishlist.js ... 
1376 bytes for ./www/js/wishlist.js
copying file ./www/js/store-locator.js ... 
2837 bytes for ./www/js/store-locator.js
copying file ./www/js/orders.js ... 
1331 bytes for ./www/js/orders.js
copying file ./www/js/s3uploader.js ... 
2067 bytes for ./www/js/s3uploader.js
copying file ./www/js/activity.js ... 
1374 bytes for ./www/js/activity.js
copying file ./www/js/auth.js ... 
9063 bytes for ./www/js/auth.js
copying file ./www/js/membershipcard.js ... 
413 bytes for ./www/js/membershipcard.js
copying file ./www/js/wave.js ... 
373 bytes for ./www/js/wave.js
copying file ./www/js/chatterfeed.js ... 
401 bytes for ./www/js/chatterfeed.js
copying file ./www/js/config.js ... 
451 bytes for ./www/js/config.js
copying file ./www/js/offer.js ... 
5521 bytes for ./www/js/offer.js
copying file ./www/js/extensions/journeybuilder.js ... 
1703 bytes for ./www/js/extensions/journeybuilder.js
copying file ./www/js/extensions/sos.js ... 
311 bytes for ./www/js/extensions/sos.js
copying file ./www/js/gallery.js ... 
2966 bytes for ./www/js/gallery.js
copying file ./www/js/wallet.js ... 
1347 bytes for ./www/js/wallet.js
copying file ./www/js/status.js ... 
1566 bytes for ./www/js/status.js
copying file ./www/js/productcat.js ... 
2138 bytes for ./www/js/productcat.js
copying file ./www/js/openfb-angular.js ... 
11509 bytes for ./www/js/openfb-angular.js
copying file ./www/js/product.js ... 
5744 bytes for ./www/js/product.js
copying file ./www/js/productcat copy.js ... 
2138 bytes for ./www/js/productcat copy.js
copying file ./www/js/case.js ... 
1099 bytes for ./www/js/case.js
copying file ./www/js/app.js ... 
14205 bytes for ./www/js/app.js
copying file ./www/js/settings.js ... 
1710 bytes for ./www/js/settings.js
copying file ./www/img/bodyqrcode.png ... 
27488 bytes for ./www/img/bodyqrcode.png
copying file ./www/img/delivery.png ... 
2451 bytes for ./www/img/delivery.png
copying file ./www/img/qrcode.svg ... 
10403 bytes for ./www/img/qrcode.svg
copying file ./www/img/lotion_massage.jpg ... 
76641 bytes for ./www/img/lotion_massage.jpg
copying file ./www/img/cancelled.png ... 
4366 bytes for ./www/img/cancelled.png
copying file ./www/img/packing.png ... 
52357 bytes for ./www/img/packing.png
copying file ./www/img/leaf-shadow.png ... 
3236 bytes for ./www/img/leaf-shadow.png
copying file ./www/img/avatar.jpg ... 
2018-07-19 02:58:28 +0000  3131 bytes for ./www/img/avatar.jpg
copying file ./www/img/delivered.png ... 
2018-07-19 02:58:28 +0000  3409 bytes for ./www/img/delivered.png
2018-07-19 02:58:28 +0000  copying file ./www/img/leaf-red.png ... 
2018-07-19 02:58:28 +0000  5753 bytes for ./www/img/leaf-red.png
2018-07-19 02:58:28 +0000  copying file ./www/img/membership.png ... 
2018-07-19 02:58:28 +0000  52422 bytes for ./www/img/membership.png
2018-07-19 02:58:28 +0000  copying file ./www/img/qr_code.jpg ... 
2018-07-19 02:58:28 +0000  415 bytes for ./www/img/qr_code.jpg
2018-07-19 02:58:28 +0000  copying file ./www/img/zull-wine-design.jpg ... 
2018-07-19 02:58:28 +0000  110183 bytes for ./www/img/zull-wine-design.jpg
2018-07-19 02:58:28 +0000  copying file ./www/img/maps-and-flags.png ... 
2234 bytes for ./www/img/maps-and-flags.png
copying file ./www/img/leaf-orange.png ... 
2018-07-19 02:58:28 +0000  5860 bytes for ./www/img/leaf-orange.png
2018-07-19 02:58:28 +0000  copying file ./www/img/shampoo.jpg ... 
2018-07-19 02:58:28 +0000  161136 bytes for ./www/img/shampoo.jpg
2018-07-19 02:58:28 +0000  copying file ./www/img/membecardqr.png ... 
70510 bytes for ./www/img/membecardqr.png
2018-07-19 02:58:28 +0000  copying file ./www/img/leaf-green.png ... 
2018-07-19 02:58:28 +0000  5687 bytes for ./www/img/leaf-green.png
copying file ./www/img/gravatarjj.png ... 
2018-07-19 02:58:28 +0000  8530 bytes for ./www/img/gravatarjj.png
2018-07-19 02:58:28 +0000  copying file ./www/mike.html ... 
2018-07-19 02:58:28 +0000  329 bytes for ./www/mike.html
2018-07-19 02:58:28 +0000  copying file ./www/cordova-js-src/exec.js ... 
2018-07-19 02:58:28 +0000  8877 bytes for ./www/cordova-js-src/exec.js
2018-07-19 02:58:28 +0000  copying file ./www/cordova-js-src/platform.js ... 
2018-07-19 02:58:28 +0000  943 bytes for ./www/cordova-js-src/platform.js
2018-07-19 02:58:28 +0000  copying file ./www/lib/css/ionic.css ... 
2018-07-19 02:58:28 +0000  234373 bytes for ./www/lib/css/ionic.css
2018-07-19 02:58:28 +0000  copying file ./www/lib/css/ionic.min.css ... 
2018-07-19 02:58:28 +0000  182667 bytes for ./www/lib/css/ionic.min.css
2018-07-19 02:58:28 +0000  copying file ./www/lib/js/ionic-angular.min.js ... 
2018-07-19 02:58:28 +0000  80410 bytes for ./www/lib/js/ionic-angular.min.js
2018-07-19 02:58:28 +0000  copying file ./www/lib/js/ionic.js ... 
2018-07-19 02:58:28 +0000  236559 bytes for ./www/lib/js/ionic.js
2018-07-19 02:58:28 +0000  copying file ./www/lib/js/angular/angular.min.js ... 
2018-07-19 02:58:28 +0000  107449 bytes for ./www/lib/js/angular/angular.min.js
2018-07-19 02:58:28 +0000  copying file ./www/lib/js/angular/angular-sanitize.js ... 
2018-07-19 02:58:28 +0000  21794 bytes for ./www/lib/js/angular/angular-sanitize.js
copying file ./www/lib/js/angular/angular.js ... 
2018-07-19 02:58:28 +0000  783193 bytes for ./www/lib/js/angular/angular.js
2018-07-19 02:58:28 +0000  copying file ./www/lib/js/angular/angular-sanitize.min.js ... 
2018-07-19 02:58:28 +0000  4560 bytes for ./www/lib/js/angular/angular-sanitize.min.js
copying file ./www/lib/js/angular/angular-animate.js ... 
2018-07-19 02:58:28 +0000  77392 bytes for ./www/lib/js/angular/angular-animate.js
2018-07-19 02:58:28 +0000  copying file ./www/lib/js/angular/angular-resource.js ... 
2018-07-19 02:58:28 +0000  24996 bytes for ./www/lib/js/angular/angular-resource.js
copying file ./www/lib/js/angular/angular-resource.min.js ... 
2018-07-19 02:58:28 +0000  3327 bytes for ./www/lib/js/angular/angular-resource.min.js
2018-07-19 02:58:28 +0000  copying file ./www/lib/js/angular/angular-animate.min.js ... 
2018-07-19 02:58:28 +0000  11221 bytes for ./www/lib/js/angular/angular-animate.min.js
2018-07-19 02:58:28 +0000  copying file ./www/lib/js/angular-ui/angular-ui-router.js ... 
2018-07-19 02:58:28 +0000  116478 bytes for ./www/lib/js/angular-ui/angular-ui-router.js
copying file ./www/lib/js/angular-ui/angular-ui-router.min.js ... 
2018-07-19 02:58:28 +0000  20367 bytes for ./www/lib/js/angular-ui/angular-ui-router.min.js
2018-07-19 02:58:28 +0000  copying file ./www/lib/js/ionic.bundle.js ... 
2018-07-19 02:58:28 +0000  1526420 bytes for ./www/lib/js/ionic.bundle.js
copying file ./www/lib/js/ionic-angular.js ... 
2018-07-19 02:58:28 +0000  290003 bytes for ./www/lib/js/ionic-angular.js
2018-07-19 02:58:28 +0000  copying file ./www/lib/js/ionic.bundle.min.js ... 
2018-07-19 02:58:28 +0000  305939 bytes for ./www/lib/js/ionic.bundle.min.js
2018-07-19 02:58:28 +0000  copying file ./www/lib/js/ionic.min.js ... 
2018-07-19 02:58:28 +0000  80931 bytes for ./www/lib/js/ionic.min.js
2018-07-19 02:58:28 +0000  copying file ./www/lib/fonts/ionicons.eot ... 
2018-07-19 02:58:28 +0000  101984 bytes for ./www/lib/fonts/ionicons.eot
2018-07-19 02:58:28 +0000  copying file ./www/lib/fonts/ionicons.woff ... 
2018-07-19 02:58:28 +0000  57276 bytes for ./www/lib/fonts/ionicons.woff
copying file ./www/lib/fonts/ionicons.ttf ... 
2018-07-19 02:58:28 +0000  164548 bytes for ./www/lib/fonts/ionicons.ttf
2018-07-19 02:58:28 +0000  copying file ./www/lib/fonts/ionicons.svg ... 
2018-07-19 02:58:28 +0000  286345 bytes for ./www/lib/fonts/ionicons.svg
2018-07-19 02:58:28 +0000  copying file ./www/templates/case.html ... 
2018-07-19 02:58:28 +0000  1044 bytes for ./www/templates/case.html
2018-07-19 02:58:28 +0000  copying file ./www/templates/profile.html ... 
2018-07-19 02:58:28 +0000  2494 bytes for ./www/templates/profile.html
2018-07-19 02:58:28 +0000  copying file ./www/templates/offer-detail.html ... 
2018-07-19 02:58:28 +0000  1430 bytes for ./www/templates/offer-detail.html
copying file ./www/templates/activity-list.html ... 
2018-07-19 02:58:28 +0000  1192 bytes for ./www/templates/activity-list.html
2018-07-19 02:58:28 +0000  copying file ./www/templates/wave.html ... 
2018-07-19 02:58:28 +0000  727 bytes for ./www/templates/wave.html
copying file ./www/templates/edit-profile.html ... 
2018-07-19 02:58:28 +0000  4806 bytes for ./www/templates/edit-profile.html
copying file ./www/templates/redeem.html ... 
2018-07-19 02:58:28 +0000  723 bytes for ./www/templates/redeem.html
2018-07-19 02:58:28 +0000  copying file ./www/templates/journey_builder_survey.html ... 
2018-07-19 02:58:28 +0000  1055 bytes for ./www/templates/journey_builder_survey.html
copying file ./www/templates/menu.html ... 
2018-07-19 02:58:28 +0000  4768 bytes for ./www/templates/menu.html
copying file ./www/templates/server-url-setting.html ... 
2018-07-19 02:58:28 +0000  553 bytes for ./www/templates/server-url-setting.html
2018-07-19 02:58:28 +0000  copying file ./www/templates/start.html ... 
284 bytes for ./www/templates/start.html
copying file ./www/templates/store-locator.html ... 
2018-07-19 02:58:28 +0000  749 bytes for ./www/templates/store-locator.html
2018-07-19 02:58:28 +0000  copying file ./www/templates/login.html ... 
2018-07-19 02:58:28 +0000  1187 bytes for ./www/templates/login.html
copying file ./www/templates/offer-thanks.html ... 
2018-07-19 02:58:28 +0000  1890 bytes for ./www/templates/offer-thanks.html
2018-07-19 02:58:28 +0000  copying file ./www/templates/gallery.html ... 
2018-07-19 02:58:28 +0000  1355 bytes for ./www/templates/gallery.html
copying file ./www/templates/wishlist-detail.html ... 
2018-07-19 02:58:28 +0000  1943 bytes for ./www/templates/wishlist-detail.html
2018-07-19 02:58:28 +0000  copying file ./www/templates/wallet.html ... 
2018-07-19 02:58:28 +0000  984 bytes for ./www/templates/wallet.html
2018-07-19 02:58:28 +0000  copying file ./www/templates/orders.html ... 
2018-07-19 02:58:28 +0000  1014 bytes for ./www/templates/orders.html
copying file ./www/templates/welcome.html ... 
2018-07-19 02:58:28 +0000  728 bytes for ./www/templates/welcome.html
2018-07-19 02:58:28 +0000  copying file ./www/templates/trolley-locator.html ... 
2018-07-19 02:58:28 +0000  746 bytes for ./www/templates/trolley-locator.html
2018-07-19 02:58:28 +0000  copying file ./www/templates/product-list.html ... 
2018-07-19 02:58:28 +0000  1048 bytes for ./www/templates/product-list.html
2018-07-19 02:58:28 +0000  copying file ./www/templates/offer-qrcode.html ... 
2018-07-19 02:58:28 +0000  1932 bytes for ./www/templates/offer-qrcode.html
copying file ./www/templates/settings.html ... 
2018-07-19 02:58:28 +0000  1282 bytes for ./www/templates/settings.html
copying file ./www/templates/chatterfeed.html ... 
2018-07-19 02:58:28 +0000  741 bytes for ./www/templates/chatterfeed.html
copying file ./www/templates/logout.html ... 
2018-07-19 02:58:28 +0000  624 bytes for ./www/templates/logout.html
2018-07-19 02:58:28 +0000  copying file ./www/templates/product-detail.html ... 
2121 bytes for ./www/templates/product-detail.html
copying file ./www/templates/productcat.html ... 
2018-07-19 02:58:28 +0000  900 bytes for ./www/templates/productcat.html
2018-07-19 02:58:28 +0000  copying file ./www/templates/offer-list.html ... 
2018-07-19 02:58:28 +0000  1547 bytes for ./www/templates/offer-list.html
copying file ./www/templates/wishlist.html ... 
2018-07-19 02:58:28 +0000  1218 bytes for ./www/templates/wishlist.html
copying file ./www/templates/signup.html ... 
2018-07-19 02:58:28 +0000  1334 bytes for ./www/templates/signup.html
copying file ./www/templates/oauthcallback.html ... 
2018-07-19 02:58:28 +0000  375 bytes for ./www/templates/oauthcallback.html
2018-07-19 02:58:28 +0000  copying file ./www/templates/membershipcard.html ... 
2018-07-19 02:58:28 +0000  379 bytes for ./www/templates/membershipcard.html
2018-07-19 02:58:28 +0000  copying file ./www/cordova_plugins.js ... 
2018-07-19 02:58:28 +0000  12826 bytes for ./www/cordova_plugins.js
2018-07-19 02:58:28 +0000  copying file ./www/oauthcallback.html ... 
2018-07-19 02:58:28 +0000  125 bytes for ./www/oauthcallback.html
2018-07-19 02:58:28 +0000  copying file ./LaunchImage-700-Portrait~ipad.png ... 
2018-07-19 02:58:28 +0000  74890 bytes for ./LaunchImage-700-Portrait~ipad.png
copying file ./Assets.car ... 
2018-07-19 02:58:28 +0000  75400 bytes for ./Assets.car
copying file ./LaunchImage-800-Portrait-736h@3x.png ... 
2018-07-19 02:58:28 +0000  1628791 bytes for ./LaunchImage-800-Portrait-736h@3x.png
2018-07-19 02:58:28 +0000  copying file ./CDVLaunchScreen.storyboardc/01J-lp-oVM-view-Ze5-6b-2t3.nib ... 
2018-07-19 02:58:28 +0000  2286 bytes for ./CDVLaunchScreen.storyboardc/01J-lp-oVM-view-Ze5-6b-2t3.nib
copying file ./CDVLaunchScreen.storyboardc/UIViewController-01J-lp-oVM.nib ... 
2018-07-19 02:58:28 +0000  832 bytes for ./CDVLaunchScreen.storyboardc/UIViewController-01J-lp-oVM.nib
2018-07-19 02:58:28 +0000  copying file ./CDVLaunchScreen.storyboardc/Info.plist ... 
2018-07-19 02:58:28 +0000  258 bytes for ./CDVLaunchScreen.storyboardc/Info.plist
2018-07-19 02:58:28 +0000  copying file ./CDVNotification.bundle/beep.wav ... 
2018-07-19 02:58:28 +0000  8114 bytes for ./CDVNotification.bundle/beep.wav
copying file ./embedded.mobileprovision ... 
2018-07-19 02:58:28 +0000  96932 bytes for ./embedded.mobileprovision
2018-07-19 02:58:28 +0000  copying file ./LaunchImage-700-Portrait@2x~ipad.png ... 
2018-07-19 02:58:28 +0000  154923 bytes for ./LaunchImage-700-Portrait@2x~ipad.png
copying file ./Info.plist ... 
2018-07-19 02:58:28 +0000  1990 bytes for ./Info.plist
2018-07-19 02:58:28 +0000  copying file ./PkgInfo ... 
2018-07-19 02:58:28 +0000  8 bytes for ./PkgInfo
2018-07-19 02:58:28 +0000  
2018-07-19 02:58:28 +0000  2018-07-19 02:58:28 +0000  /usr/bin/ditto exited with 0

2018-07-19 02:58:28 +0000  2018-07-19 02:58:28 +0000  

2018-07-19 02:58:28 +0000  Processing step: IDEDistributionEmbedProfileStep
2018-07-19 02:58:28 +0000  Processing step: IDEDistributionAppThinningPlistStep
2018-07-19 02:58:28 +0000  Skipping step: IDEDistributionAppThinningPlistStep because it said so
2018-07-19 02:58:28 +0000  Processing step: IDEDistributionCompileBitcodeStep
2018-07-19 02:58:28 +0000  Skipping step: IDEDistributionCompileBitcodeStep because it said so
2018-07-19 02:58:28 +0000  Processing step: IDEDistributionCodeSlimmingStep
2018-07-19 02:58:28 +0000  Processing step: IDEDistributionCopyBCSymbolMapsStep
2018-07-19 02:58:28 +0000  Skipping step: IDEDistributionCopyBCSymbolMapsStep because it said so
2018-07-19 02:58:28 +0000  Processing step: IDEDistributionSymbolsStep
2018-07-19 02:58:28 +0000  Skipping step: IDEDistributionSymbolsStep because it said so
2018-07-19 02:58:28 +0000  Processing step: IDEDistributionAppThinningStep
2018-07-19 02:58:28 +0000  Skipping step: IDEDistributionAppThinningStep because it said so
2018-07-19 02:58:28 +0000  Processing step: IDEDistributionODRStep
2018-07-19 02:58:28 +0000  Processing step: IDEDistributionStripXattrsStep
2018-07-19 02:58:28 +0000  Running /usr/bin/xattr '-crs' '/var/folders/3d/0z0dxzm536179glx2_9lm12rdm3w1q/T/XcodeDistPipeline.QfA/Root/Payload/Grand Prix.app'
2018-07-19 02:58:28 +0000  2018-07-19 02:58:28 +0000  

2018-07-19 02:58:28 +0000  /usr/bin/xattr exited with 02018-07-19 02:58:28 +0000  

2018-07-19 02:58:28 +0000  
2018-07-19 02:58:28 +0000  Processing step: IDEDistributionCodesignStep
2018-07-19 02:58:28 +0000  Entitlements for <IDEDistributionItem: 0x7fe9304bff90 'com.fix.loyalty.aussief1.app' '<DVTFilePath:0x7fe92e108220:'/Users/mmeisels/Library/Developer/Xcode/Archives/2018-07-19/FixLoyalty 19-7-18, 12.57 pm.xcarchive/Products/Applications/Grand Prix.app'>'>: {
    "application-identifier" = "4WQ2T93P22.com.fix.loyalty.aussief1.app";
    "com.apple.developer.team-identifier" = 4WQ2T93P22;
    "get-task-allow" = 0;
}
2018-07-19 02:58:28 +0000  Writing entitlements for <IDEDistributionItem: 0x7fe9304bff90 'com.fix.loyalty.aussief1.app' '<DVTFilePath:0x7fe92e108220:'/Users/mmeisels/Library/Developer/Xcode/Archives/2018-07-19/FixLoyalty 19-7-18, 12.57 pm.xcarchive/Products/Applications/Grand Prix.app'>'> to: /var/folders/3d/0z0dxzm536179glx2_9lm12rdm3w1q/T/XcodeDistPipeline.QfA/entitlementsxyn8Bm
2018-07-19 02:58:28 +0000  Running /usr/bin/codesign '-vvv' '--force' '--sign' 'D3573DB14DB40775AF52C333280E901ED4DA28BE' '--preserve-metadata=identifier,flags' '--entitlements' '/var/folders/3d/0z0dxzm536179glx2_9lm12rdm3w1q/T/XcodeDistPipeline.QfA/entitlementsxyn8Bm' '/var/folders/3d/0z0dxzm536179glx2_9lm12rdm3w1q/T/XcodeDistPipeline.QfA/Root/Payload/Grand Prix.app'
2018-07-19 02:58:28 +0000  /var/folders/3d/0z0dxzm536179glx2_9lm12rdm3w1q/T/XcodeDistPipeline.QfA/Root/Payload/Grand Prix.app: replacing existing signature
2018-07-19 02:58:28 +0000  /var/folders/3d/0z0dxzm536179glx2_9lm12rdm3w1q/T/XcodeDistPipeline.QfA/Root/Payload/Grand Prix.app: signed app bundle with Mach-O thin (arm64) [com.fix.loyalty.aussief1.app]
2018-07-19 02:58:28 +0000  
2018-07-19 02:58:28 +0000  2018-07-19 02:58:28 +0000  /usr/bin/codesign exited with 0
2018-07-19 02:58:28 +0000  

2018-07-19 02:58:28 +0000  Processing step: IDEDistributionStreamingZipItemStep
2018-07-19 02:58:28 +0000  Skipping step: IDEDistributionStreamingZipItemStep because it said so
2018-07-19 02:58:28 +0000  Processing step: IDEDistributionCreateIPAStep
2018-07-19 02:58:28 +0000  Running /usr/bin/ditto '-V' '-c' '-k' '--norsrc' '/var/folders/3d/0z0dxzm536179glx2_9lm12rdm3w1q/T/XcodeDistPipeline.QfA/Root' '/var/folders/3d/0z0dxzm536179glx2_9lm12rdm3w1q/T/XcodeDistPipeline.QfA/Packages/FixLoyalty.ipa'
2018-07-19 02:58:28 +0000  >>> Copying /var/folders/3d/0z0dxzm536179glx2_9lm12rdm3w1q/T/XcodeDistPipeline.QfA/Root 
2018-07-19 02:58:28 +0000  copying file ./Payload/Grand Prix.app/_CodeSignature/CodeResources ... 
2018-07-19 02:58:28 +0000  72905 bytes for ./Payload/Grand Prix.app/_CodeSignature/CodeResources
2018-07-19 02:58:28 +0000  copying file ./Payload/Grand Prix.app/MainViewController.nib ... 
943 bytes for ./Payload/Grand Prix.app/MainViewController.nib
copying file ./Payload/Grand Prix.app/Grand Prix ... 
2018-07-19 02:58:28 +0000  550656 bytes for ./Payload/Grand Prix.app/Grand Prix
2018-07-19 02:58:28 +0000  copying file ./Payload/Grand Prix.app/AppIcon60x60@2x.png ... 
14729 bytes for ./Payload/Grand Prix.app/AppIcon60x60@2x.png
copying file ./Payload/Grand Prix.app/config.xml ... 
2018-07-19 02:58:28 +0000  3708 bytes for ./Payload/Grand Prix.app/config.xml
copying file ./Payload/Grand Prix.app/www/index.html ... 
2018-07-19 02:58:28 +0000  1937 bytes for ./Payload/Grand Prix.app/www/index.html
copying file ./Payload/Grand Prix.app/www/cordova.js ... 
2018-07-19 02:58:28 +0000  61623 bytes for ./Payload/Grand Prix.app/www/cordova.js
2018-07-19 02:58:28 +0000  copying file ./Payload/Grand Prix.app/www/css/app.css ... 
2018-07-19 02:58:28 +0000  9169 bytes for ./Payload/Grand Prix.app/www/css/app.css
copying file ./Payload/Grand Prix.app/www/css/img/logoold.svg ... 
2018-07-19 02:58:28 +0000  1663 bytes for ./Payload/Grand Prix.app/www/css/img/logoold.svg
copying file ./Payload/Grand Prix.app/www/css/img/icon-facebook.svg ... 
1434 bytes for ./Payload/Grand Prix.app/www/css/img/icon-facebook.svg
copying file ./Payload/Grand Prix.app/www/css/img/arrow-right.svg ... 
2018-07-19 02:58:28 +0000  1459 bytes for ./Payload/Grand Prix.app/www/css/img/arrow-right.svg
copying file ./Payload/Grand Prix.app/www/css/img/icon-arrow-right.png ... 
2018-07-19 02:58:28 +0000  1871 bytes for ./Payload/Grand Prix.app/www/css/img/icon-arrow-right.png
copying file ./Payload/Grand Prix.app/www/css/img/spinner2x.png ... 
2018-07-19 02:58:28 +0000  5201 bytes for ./Payload/Grand Prix.app/www/css/img/spinner2x.png
copying file ./Payload/Grand Prix.app/www/css/img/chocolate-square.svg ... 
1271 bytes for ./Payload/Grand Prix.app/www/css/img/chocolate-square.svg
copying file ./Payload/Grand Prix.app/www/css/img/background.png ... 
2018-07-19 02:58:28 +0000  1569693 bytes for ./Payload/Grand Prix.app/www/css/img/background.png
copying file ./Payload/Grand Prix.app/www/css/img/icon-twitter.svg ... 
2018-07-19 02:58:28 +0000  2772 bytes for ./Payload/Grand Prix.app/www/css/img/icon-twitter.svg
copying file ./Payload/Grand Prix.app/www/css/img/Preferences.svg ... 
1578 bytes for ./Payload/Grand Prix.app/www/css/img/Preferences.svg
copying file ./Payload/Grand Prix.app/www/css/img/logo.png ... 
2018-07-19 02:58:28 +0000  107366 bytes for ./Payload/Grand Prix.app/www/css/img/logo.png
copying file ./Payload/Grand Prix.app/www/css/img/icon-basket.svg ... 
2018-07-19 02:58:28 +0000  1684 bytes for ./Payload/Grand Prix.app/www/css/img/icon-basket.svg
copying file ./Payload/Grand Prix.app/www/css/img/icon-status2.png ... 
2018-07-19 02:58:28 +0000  13668 bytes for ./Payload/Grand Prix.app/www/css/img/icon-status2.png
copying file ./Payload/Grand Prix.app/www/css/img/points.png ... 
2018-07-19 02:58:28 +0000  6995 bytes for ./Payload/Grand Prix.app/www/css/img/points.png
copying file ./Payload/Grand Prix.app/www/css/img/icon-points1.svg ... 
2018-07-19 02:58:28 +0000  806 bytes for ./Payload/Grand Prix.app/www/css/img/icon-points1.svg
copying file ./Payload/Grand Prix.app/www/css/img/icon-status3.png ... 
2018-07-19 02:58:28 +0000  14223 bytes for ./Payload/Grand Prix.app/www/css/img/icon-status3.png
copying file ./Payload/Grand Prix.app/www/css/img/icon-preference.png ... 
2018-07-19 02:58:28 +0000  4519 bytes for ./Payload/Grand Prix.app/www/css/img/icon-preference.png
copying file ./Payload/Grand Prix.app/www/css/img/icon-status1.png ... 
2018-07-19 02:58:28 +0000  7388 bytes for ./Payload/Grand Prix.app/www/css/img/icon-status1.png
copying file ./Payload/Grand Prix.app/www/css/img/icon-points2.svg ... 
2018-07-19 02:58:28 +0000  806 bytes for ./Payload/Grand Prix.app/www/css/img/icon-points2.svg
copying file ./Payload/Grand Prix.app/www/css/img/icon-points3.svg ... 
2018-07-19 02:58:28 +0000  806 bytes for ./Payload/Grand Prix.app/www/css/img/icon-points3.svg
copying file ./Payload/Grand Prix.app/www/css/img/spinner.png ... 
2018-07-19 02:58:28 +0000  2707 bytes for ./Payload/Grand Prix.app/www/css/img/spinner.png
copying file ./Payload/Grand Prix.app/www/css/img/icon-status1.svg ... 
2018-07-19 02:58:28 +0000  1574 bytes for ./Payload/Grand Prix.app/www/css/img/icon-status1.svg
copying file ./Payload/Grand Prix.app/www/css/img/chocolate-square2.png ... 
2018-07-19 02:58:28 +0000  7315 bytes for ./Payload/Grand Prix.app/www/css/img/chocolate-square2.png
copying file ./Payload/Grand Prix.app/www/css/img/Tags.svg ... 
2018-07-19 02:58:28 +0000  2368 bytes for ./Payload/Grand Prix.app/www/css/img/Tags.svg
copying file ./Payload/Grand Prix.app/www/css/img/Log Out.svg ... 
2018-07-19 02:58:28 +0000  1932 bytes for ./Payload/Grand Prix.app/www/css/img/Log Out.svg
copying file ./Payload/Grand Prix.app/www/css/img/icon-status3.svg ... 
1574 bytes for ./Payload/Grand Prix.app/www/css/img/icon-status3.svg
copying file ./Payload/Grand Prix.app/www/css/img/icon-status2.svg ... 
2018-07-19 02:58:28 +0000  1574 bytes for ./Payload/Grand Prix.app/www/css/img/icon-status2.svg
copying file ./Payload/Grand Prix.app/www/css/img/logo2.svg ... 
2018-07-19 02:58:28 +0000  53143 bytes for ./Payload/Grand Prix.app/www/css/img/logo2.svg
copying file ./Payload/Grand Prix.app/www/css/img/logo.svg ... 
2018-07-19 02:58:28 +0000  3132 bytes for ./Payload/Grand Prix.app/www/css/img/logo.svg
copying file ./Payload/Grand Prix.app/www/css/img/Help.svg ... 
2018-07-19 02:58:28 +0000  3185 bytes for ./Payload/Grand Prix.app/www/css/img/Help.svg
copying file ./Payload/Grand Prix.app/www/css/img/icon-google.svg ... 
2018-07-19 02:58:28 +0000  2502 bytes for ./Payload/Grand Prix.app/www/css/img/icon-google.svg
2018-07-19 02:58:28 +0000  copying file ./Payload/Grand Prix.app/www/css/font/SourceSansPro-Light.otf ... 
2018-07-19 02:58:29 +0000  98972 bytes for ./Payload/Grand Prix.app/www/css/font/SourceSansPro-Light.otf
copying file ./Payload/Grand Prix.app/www/css/font/SourceCodePro-Light.otf ... 
2018-07-19 02:58:29 +0000  88152 bytes for ./Payload/Grand Prix.app/www/css/font/SourceCodePro-Light.otf
2018-07-19 02:58:29 +0000  copying file ./Payload/Grand Prix.app/www/css/font/SourceSansPro-LightIt.otf ... 
2018-07-19 02:58:29 +0000  97352 bytes for ./Payload/Grand Prix.app/www/css/font/SourceSansPro-LightIt.otf
copying file ./Payload/Grand Prix.app/www/css/font/SourceSansPro-SemiboldIt.otf ... 
2018-07-19 02:58:29 +0000  100000 bytes for ./Payload/Grand Prix.app/www/css/font/SourceSansPro-SemiboldIt.otf
copying file ./Payload/Grand Prix.app/www/css/font/SourceSansPro-It.otf ... 
2018-07-19 02:58:29 +0000  100556 bytes for ./Payload/Grand Prix.app/www/css/font/SourceSansPro-It.otf
copying file ./Payload/Grand Prix.app/www/css/font/SourceSansPro-Bold.otf ... 
2018-07-19 02:58:29 +0000  104072 bytes for ./Payload/Grand Prix.app/www/css/font/SourceSansPro-Bold.otf
copying file ./Payload/Grand Prix.app/www/css/font/SourceSansPro-Regular.otf ... 
2018-07-19 02:58:29 +0000  101820 bytes for ./Payload/Grand Prix.app/www/css/font/SourceSansPro-Regular.otf
copying file ./Payload/Grand Prix.app/www/css/font/SourceSansPro-BoldIt.otf ... 
2018-07-19 02:58:29 +0000  101848 bytes for ./Payload/Grand Prix.app/www/css/font/SourceSansPro-BoldIt.otf
copying file ./Payload/Grand Prix.app/www/css/font/SourceSansPro-BlackIt.otf ... 
2018-07-19 02:58:29 +0000  96536 bytes for ./Payload/Grand Prix.app/www/css/font/SourceSansPro-BlackIt.otf
copying file ./Payload/Grand Prix.app/www/css/font/SourceSansPro-ExtraLightIt.otf ... 
2018-07-19 02:58:29 +0000  92880 bytes for ./Payload/Grand Prix.app/www/css/font/SourceSansPro-ExtraLightIt.otf
copying file ./Payload/Grand Prix.app/www/css/font/SourceCodePro-Semibold.otf ... 
2018-07-19 02:58:29 +0000  89576 bytes for ./Payload/Grand Prix.app/www/css/font/SourceCodePro-Semibold.otf
copying file ./Payload/Grand Prix.app/www/css/font/SourceCodePro-Bold.otf ... 
2018-07-19 02:58:29 +0000  92248 bytes for ./Payload/Grand Prix.app/www/css/font/SourceCodePro-Bold.otf
copying file ./Payload/Grand Prix.app/www/css/font/SourceSansPro-ExtraLight.otf ... 
2018-07-19 02:58:29 +0000  94560 bytes for ./Payload/Grand Prix.app/www/css/font/SourceSansPro-ExtraLight.otf
copying file ./Payload/Grand Prix.app/www/css/font/SourceSansPro-Semibold.otf ... 
2018-07-19 02:58:29 +0000  101772 bytes for ./Payload/Grand Prix.app/www/css/font/SourceSansPro-Semibold.otf
copying file ./Payload/Grand Prix.app/www/css/font/LICENSE.txt ... 
2018-07-19 02:58:29 +0000  4622 bytes for ./Payload/Grand Prix.app/www/css/font/LICENSE.txt
copying file ./Payload/Grand Prix.app/www/css/font/SourceSansPro-Black.otf ... 
2018-07-19 02:58:29 +0000  98472 bytes for ./Payload/Grand Prix.app/www/css/font/SourceSansPro-Black.otf
copying file ./Payload/Grand Prix.app/www/css/font/SourceCodePro-Black.otf ... 
2018-07-19 02:58:29 +0000  88472 bytes for ./Payload/Grand Prix.app/www/css/font/SourceCodePro-Black.otf
copying file ./Payload/Grand Prix.app/www/css/font/SourceCodePro-Regular.otf ... 
2018-07-19 02:58:29 +0000  89600 bytes for ./Payload/Grand Prix.app/www/css/font/SourceCodePro-Regular.otf
copying file ./Payload/Grand Prix.app/www/css/font/SourceCodePro-ExtraLight.otf ... 
2018-07-19 02:58:29 +0000  84636 bytes for ./Payload/Grand Prix.app/www/css/font/SourceCodePro-ExtraLight.otf
2018-07-19 02:58:29 +0000  copying file ./Payload/Grand Prix.app/www/plugins/cordova-plugin-file/www/requestFileSystem.js ... 
2018-07-19 02:58:29 +0000  3221 bytes for ./Payload/Grand Prix.app/www/plugins/cordova-plugin-file/www/requestFileSystem.js
copying file ./Payload/Grand Prix.app/www/plugins/cordova-plugin-file/www/DirectoryEntry.js ... 
2018-07-19 02:58:29 +0000  4671 bytes for ./Payload/Grand Prix.app/www/plugins/cordova-plugin-file/www/DirectoryEntry.js
copying file ./Payload/Grand Prix.app/www/plugins/cordova-plugin-file/www/FileSystem.js ... 
2018-07-19 02:58:29 +0000  1956 bytes for ./Payload/Grand Prix.app/www/plugins/cordova-plugin-file/www/FileSystem.js
copying file ./Payload/Grand Prix.app/www/plugins/cordova-plugin-file/www/Flags.js ... 
1335 bytes for ./Payload/Grand Prix.app/www/plugins/cordova-plugin-file/www/Flags.js
copying file ./Payload/Grand Prix.app/www/plugins/cordova-plugin-file/www/fileSystemPaths.js ... 
2018-07-19 02:58:29 +0000  2547 bytes for ./Payload/Grand Prix.app/www/plugins/cordova-plugin-file/www/fileSystemPaths.js
copying file ./Payload/Grand Prix.app/www/plugins/cordova-plugin-file/www/FileEntry.js ... 
2018-07-19 02:58:29 +0000  3418 bytes for ./Payload/Grand Prix.app/www/plugins/cordova-plugin-file/www/FileEntry.js
2018-07-19 02:58:29 +0000  copying file ./Payload/Grand Prix.app/www/plugins/cordova-plugin-file/www/fileSystems.js ... 
2018-07-19 02:58:29 +0000  1046 bytes for ./Payload/Grand Prix.app/www/plugins/cordova-plugin-file/www/fileSystems.js
copying file ./Payload/Grand Prix.app/www/plugins/cordova-plugin-file/www/DirectoryReader.js ... 
2018-07-19 02:58:29 +0000  2729 bytes for ./Payload/Grand Prix.app/www/plugins/cordova-plugin-file/www/DirectoryReader.js
copying file ./Payload/Grand Prix.app/www/plugins/cordova-plugin-file/www/Metadata.js ... 
2018-07-19 02:58:29 +0000  1485 bytes for ./Payload/Grand Prix.app/www/plugins/cordova-plugin-file/www/Metadata.js
2018-07-19 02:58:29 +0000  copying file ./Payload/Grand Prix.app/www/plugins/cordova-plugin-file/www/ios/FileSystem.js ... 
2018-07-19 02:58:29 +0000  1184 bytes for ./Payload/Grand Prix.app/www/plugins/cordova-plugin-file/www/ios/FileSystem.js
copying file ./Payload/Grand Prix.app/www/plugins/cordova-plugin-file/www/browser/isChrome.js ... 
2018-07-19 02:58:29 +0000  1232 bytes for ./Payload/Grand Prix.app/www/plugins/cordova-plugin-file/www/browser/isChrome.js
copying file ./Payload/Grand Prix.app/www/plugins/cordova-plugin-file/www/LocalFileSystem.js ... 
2018-07-19 02:58:29 +0000  957 bytes for ./Payload/Grand Prix.app/www/plugins/cordova-plugin-file/www/LocalFileSystem.js
copying file ./Payload/Grand Prix.app/www/plugins/cordova-plugin-file/www/FileReader.js ... 
2018-07-19 02:58:29 +0000  10431 bytes for ./Payload/Grand Prix.app/www/plugins/cordova-plugin-file/www/FileReader.js
copying file ./Payload/Grand Prix.app/www/plugins/cordova-plugin-file/www/fileSystems-roots.js ... 
2018-07-19 02:58:29 +0000  1597 bytes for ./Payload/Grand Prix.app/www/plugins/cordova-plugin-file/www/fileSystems-roots.js
copying file ./Payload/Grand Prix.app/www/plugins/cordova-plugin-file/www/FileUploadOptions.js ... 
2018-07-19 02:58:29 +0000  1830 bytes for ./Payload/Grand Prix.app/www/plugins/cordova-plugin-file/www/FileUploadOptions.js
copying file ./Payload/Grand Prix.app/www/plugins/cordova-plugin-file/www/FileWriter.js ... 
2018-07-19 02:58:29 +0000  10427 bytes for ./Payload/Grand Prix.app/www/plugins/cordova-plugin-file/www/FileWriter.js
copying file ./Payload/Grand Prix.app/www/plugins/cordova-plugin-file/www/FileError.js ... 
2018-07-19 02:58:29 +0000  1480 bytes for ./Payload/Grand Prix.app/www/plugins/cordova-plugin-file/www/FileError.js
copying file ./Payload/Grand Prix.app/www/plugins/cordova-plugin-file/www/FileUploadResult.js ... 
2018-07-19 02:58:29 +0000  1101 bytes for ./Payload/Grand Prix.app/www/plugins/cordova-plugin-file/www/FileUploadResult.js
copying file ./Payload/Grand Prix.app/www/plugins/cordova-plugin-file/www/ProgressEvent.js ... 
2018-07-19 02:58:29 +0000  2581 bytes for ./Payload/Grand Prix.app/www/plugins/cordova-plugin-file/www/ProgressEvent.js
copying file ./Payload/Grand Prix.app/www/plugins/cordova-plugin-file/www/File.js ... 
2712 bytes for ./Payload/Grand Prix.app/www/plugins/cordova-plugin-file/www/File.js
2018-07-19 02:58:29 +0000  copying file ./Payload/Grand Prix.app/www/plugins/cordova-plugin-file/www/resolveLocalFileSystemURI.js ... 
2018-07-19 02:58:29 +0000  4228 bytes for ./Payload/Grand Prix.app/www/plugins/cordova-plugin-file/www/resolveLocalFileSystemURI.js
copying file ./Payload/Grand Prix.app/www/plugins/cordova-plugin-file/www/Entry.js ... 
2018-07-19 02:58:29 +0000  9933 bytes for ./Payload/Grand Prix.app/www/plugins/cordova-plugin-file/www/Entry.js
2018-07-19 02:58:29 +0000  copying file ./Payload/Grand Prix.app/www/plugins/cordova-plugin-inappbrowser/www/inappbrowser.js ... 
2018-07-19 02:58:29 +0000  4417 bytes for ./Payload/Grand Prix.app/www/plugins/cordova-plugin-inappbrowser/www/inappbrowser.js
copying file ./Payload/Grand Prix.app/www/plugins/cordova-plugin-device/www/device.js ... 
2018-07-19 02:58:29 +0000  3062 bytes for ./Payload/Grand Prix.app/www/plugins/cordova-plugin-device/www/device.js
copying file ./Payload/Grand Prix.app/www/plugins/cordova-plugin-geolocation/www/geolocation.js ... 
2018-07-19 02:58:29 +0000  8629 bytes for ./Payload/Grand Prix.app/www/plugins/cordova-plugin-geolocation/www/geolocation.js
copying file ./Payload/Grand Prix.app/www/plugins/cordova-plugin-geolocation/www/PositionError.js ... 
2018-07-19 02:58:29 +0000  1376 bytes for ./Payload/Grand Prix.app/www/plugins/cordova-plugin-geolocation/www/PositionError.js
copying file ./Payload/Grand Prix.app/www/plugins/cordova-plugin-geolocation/www/Coordinates.js ... 
2018-07-19 02:58:29 +0000  2075 bytes for ./Payload/Grand Prix.app/www/plugins/cordova-plugin-geolocation/www/Coordinates.js
copying file ./Payload/Grand Prix.app/www/plugins/cordova-plugin-geolocation/www/Position.js ... 
1358 bytes for ./Payload/Grand Prix.app/www/plugins/cordova-plugin-geolocation/www/Position.js
2018-07-19 02:58:29 +0000  copying file ./Payload/Grand Prix.app/www/plugins/com.unarin.cordova.beacon/www/Regions.js ... 
2018-07-19 02:58:29 +0000  3264 bytes for ./Payload/Grand Prix.app/www/plugins/com.unarin.cordova.beacon/www/Regions.js
copying file ./Payload/Grand Prix.app/www/plugins/com.unarin.cordova.beacon/www/LocationManager.js ... 
2018-07-19 02:58:29 +0000  21007 bytes for ./Payload/Grand Prix.app/www/plugins/com.unarin.cordova.beacon/www/LocationManager.js
copying file ./Payload/Grand Prix.app/www/plugins/com.unarin.cordova.beacon/www/Delegate.js ... 
2018-07-19 02:58:29 +0000  4304 bytes for ./Payload/Grand Prix.app/www/plugins/com.unarin.cordova.beacon/www/Delegate.js
copying file ./Payload/Grand Prix.app/www/plugins/com.unarin.cordova.beacon/www/model/Region.js ... 
2018-07-19 02:58:29 +0000  1616 bytes for ./Payload/Grand Prix.app/www/plugins/com.unarin.cordova.beacon/www/model/Region.js
copying file ./Payload/Grand Prix.app/www/plugins/com.unarin.cordova.beacon/www/model/BeaconRegion.js ... 
2018-07-19 02:58:29 +0000  3523 bytes for ./Payload/Grand Prix.app/www/plugins/com.unarin.cordova.beacon/www/model/BeaconRegion.js
2018-07-19 02:58:29 +0000  copying file ./Payload/Grand Prix.app/www/plugins/com.unarin.cordova.beacon/www/model/CircularRegion.js ... 
3973 bytes for ./Payload/Grand Prix.app/www/plugins/com.unarin.cordova.beacon/www/model/CircularRegion.js
2018-07-19 02:58:29 +0000  copying file ./Payload/Grand Prix.app/www/plugins/com.unarin.cordova.beacon/www/lib/q.min.js ... 
2018-07-19 02:58:29 +0000  14325 bytes for ./Payload/Grand Prix.app/www/plugins/com.unarin.cordova.beacon/www/lib/q.min.js
copying file ./Payload/Grand Prix.app/www/plugins/com.unarin.cordova.beacon/www/lib/underscore-min-1.6.js ... 
2018-07-19 02:58:29 +0000  14657 bytes for ./Payload/Grand Prix.app/www/plugins/com.unarin.cordova.beacon/www/lib/underscore-min-1.6.js
2018-07-19 02:58:29 +0000  copying file ./Payload/Grand Prix.app/www/plugins/cordova-plugin-console/www/logger.js ... 
2018-07-19 02:58:29 +0000  10323 bytes for ./Payload/Grand Prix.app/www/plugins/cordova-plugin-console/www/logger.js
copying file ./Payload/Grand Prix.app/www/plugins/cordova-plugin-console/www/console-via-logger.js ... 
2018-07-19 02:58:29 +0000  6896 bytes for ./Payload/Grand Prix.app/www/plugins/cordova-plugin-console/www/console-via-logger.js
copying file ./Payload/Grand Prix.app/www/plugins/cordova-plugin-file-transfer/www/FileTransferError.js ... 
2018-07-19 02:58:29 +0000  1488 bytes for ./Payload/Grand Prix.app/www/plugins/cordova-plugin-file-transfer/www/FileTransferError.js
copying file ./Payload/Grand Prix.app/www/plugins/cordova-plugin-file-transfer/www/FileTransfer.js ... 
2018-07-19 02:58:29 +0000  8568 bytes for ./Payload/Grand Prix.app/www/plugins/cordova-plugin-file-transfer/www/FileTransfer.js
copying file ./Payload/Grand Prix.app/www/plugins/cordova-plugin-dialogs/www/notification.js ... 
2018-07-19 02:58:29 +0000  5999 bytes for ./Payload/Grand Prix.app/www/plugins/cordova-plugin-dialogs/www/notification.js
copying file ./Payload/Grand Prix.app/www/plugins/cordova-plugin-camera/www/CameraPopoverOptions.js ... 
2018-07-19 02:58:29 +0000  2297 bytes for ./Payload/Grand Prix.app/www/plugins/cordova-plugin-camera/www/CameraPopoverOptions.js
2018-07-19 02:58:29 +0000  copying file ./Payload/Grand Prix.app/www/plugins/cordova-plugin-camera/www/ios/CameraPopoverHandle.js ... 
2269 bytes for ./Payload/Grand Prix.app/www/plugins/cordova-plugin-camera/www/ios/CameraPopoverHandle.js
copying file ./Payload/Grand Prix.app/www/plugins/cordova-plugin-camera/www/CameraConstants.js ... 
2018-07-19 02:58:29 +0000  3297 bytes for ./Payload/Grand Prix.app/www/plugins/cordova-plugin-camera/www/CameraConstants.js
copying file ./Payload/Grand Prix.app/www/plugins/cordova-plugin-camera/www/Camera.js ... 
2018-07-19 02:58:29 +0000  8006 bytes for ./Payload/Grand Prix.app/www/plugins/cordova-plugin-camera/www/Camera.js
2018-07-19 02:58:29 +0000  copying file ./Payload/Grand Prix.app/www/plugins/de.appplant.cordova.plugin.local-notification/www/local-notification.js ... 
2018-07-19 02:58:29 +0000  10291 bytes for ./Payload/Grand Prix.app/www/plugins/de.appplant.cordova.plugin.local-notification/www/local-notification.js
copying file ./Payload/Grand Prix.app/www/plugins/de.appplant.cordova.plugin.local-notification/www/local-notification-core.js ... 
2018-07-19 02:58:29 +0000  13091 bytes for ./Payload/Grand Prix.app/www/plugins/de.appplant.cordova.plugin.local-notification/www/local-notification-core.js
copying file ./Payload/Grand Prix.app/www/plugins/de.appplant.cordova.plugin.local-notification/www/local-notification-util.js ... 
2018-07-19 02:58:29 +0000  7976 bytes for ./Payload/Grand Prix.app/www/plugins/de.appplant.cordova.plugin.local-notification/www/local-notification-util.js
2018-07-19 02:58:29 +0000  copying file ./Payload/Grand Prix.app/www/plugins/cordova-plugin-statusbar/www/statusbar.js ... 
2018-07-19 02:58:29 +0000  3376 bytes for ./Payload/Grand Prix.app/www/plugins/cordova-plugin-statusbar/www/statusbar.js
copying file ./Payload/Grand Prix.app/www/js/force.oauth.js ... 
2018-07-19 02:58:29 +0000  14876 bytes for ./Payload/Grand Prix.app/www/js/force.oauth.js
copying file ./Payload/Grand Prix.app/www/js/profile.js ... 
2018-07-19 02:58:29 +0000  5449 bytes for ./Payload/Grand Prix.app/www/js/profile.js
copying file ./Payload/Grand Prix.app/www/js/oauthcallback.js ... 
409 bytes for ./Payload/Grand Prix.app/www/js/oauthcallback.js
2018-07-19 02:58:29 +0000  copying file ./Payload/Grand Prix.app/www/js/wishlist.js ... 
1376 bytes for ./Payload/Grand Prix.app/www/js/wishlist.js
copying file ./Payload/Grand Prix.app/www/js/store-locator.js ... 
2018-07-19 02:58:29 +0000  2837 bytes for ./Payload/Grand Prix.app/www/js/store-locator.js
copying file ./Payload/Grand Prix.app/www/js/orders.js ... 
1331 bytes for ./Payload/Grand Prix.app/www/js/orders.js
copying file ./Payload/Grand Prix.app/www/js/s3uploader.js ... 
2018-07-19 02:58:29 +0000  2067 bytes for ./Payload/Grand Prix.app/www/js/s3uploader.js
copying file ./Payload/Grand Prix.app/www/js/activity.js ... 
1374 bytes for ./Payload/Grand Prix.app/www/js/activity.js
copying file ./Payload/Grand Prix.app/www/js/auth.js ... 
2018-07-19 02:58:29 +0000  9063 bytes for ./Payload/Grand Prix.app/www/js/auth.js
2018-07-19 02:58:29 +0000  copying file ./Payload/Grand Prix.app/www/js/membershipcard.js ... 
413 bytes for ./Payload/Grand Prix.app/www/js/membershipcard.js
2018-07-19 02:58:29 +0000  copying file ./Payload/Grand Prix.app/www/js/wave.js ... 
373 bytes for ./Payload/Grand Prix.app/www/js/wave.js
copying file ./Payload/Grand Prix.app/www/js/chatterfeed.js ... 
2018-07-19 02:58:29 +0000  401 bytes for ./Payload/Grand Prix.app/www/js/chatterfeed.js
copying file ./Payload/Grand Prix.app/www/js/config.js ... 
451 bytes for ./Payload/Grand Prix.app/www/js/config.js
copying file ./Payload/Grand Prix.app/www/js/offer.js ... 
2018-07-19 02:58:29 +0000  5521 bytes for ./Payload/Grand Prix.app/www/js/offer.js
copying file ./Payload/Grand Prix.app/www/js/extensions/journeybuilder.js ... 
1703 bytes for ./Payload/Grand Prix.app/www/js/extensions/journeybuilder.js
copying file ./Payload/Grand Prix.app/www/js/extensions/sos.js ... 
311 bytes for ./Payload/Grand Prix.app/www/js/extensions/sos.js
2018-07-19 02:58:29 +0000  copying file ./Payload/Grand Prix.app/www/js/gallery.js ... 
2018-07-19 02:58:29 +0000  2966 bytes for ./Payload/Grand Prix.app/www/js/gallery.js
copying file ./Payload/Grand Prix.app/www/js/wallet.js ... 
1347 bytes for ./Payload/Grand Prix.app/www/js/wallet.js
copying file ./Payload/Grand Prix.app/www/js/status.js ... 
2018-07-19 02:58:29 +0000  1566 bytes for ./Payload/Grand Prix.app/www/js/status.js
copying file ./Payload/Grand Prix.app/www/js/productcat.js ... 
2138 bytes for ./Payload/Grand Prix.app/www/js/productcat.js
copying file ./Payload/Grand Prix.app/www/js/openfb-angular.js ... 
2018-07-19 02:58:29 +0000  11509 bytes for ./Payload/Grand Prix.app/www/js/openfb-angular.js
copying file ./Payload/Grand Prix.app/www/js/product.js ... 
2018-07-19 02:58:29 +0000  5744 bytes for ./Payload/Grand Prix.app/www/js/product.js
copying file ./Payload/Grand Prix.app/www/js/productcat copy.js ... 
2018-07-19 02:58:29 +0000  2138 bytes for ./Payload/Grand Prix.app/www/js/productcat copy.js
copying file ./Payload/Grand Prix.app/www/js/case.js ... 
1099 bytes for ./Payload/Grand Prix.app/www/js/case.js
copying file ./Payload/Grand Prix.app/www/js/app.js ... 
2018-07-19 02:58:29 +0000  14205 bytes for ./Payload/Grand Prix.app/www/js/app.js
copying file ./Payload/Grand Prix.app/www/js/settings.js ... 
2018-07-19 02:58:29 +0000  1710 bytes for ./Payload/Grand Prix.app/www/js/settings.js
copying file ./Payload/Grand Prix.app/www/img/bodyqrcode.png ... 
2018-07-19 02:58:29 +0000  27488 bytes for ./Payload/Grand Prix.app/www/img/bodyqrcode.png
copying file ./Payload/Grand Prix.app/www/img/delivery.png ... 
2018-07-19 02:58:29 +0000  2451 bytes for ./Payload/Grand Prix.app/www/img/delivery.png
copying file ./Payload/Grand Prix.app/www/img/qrcode.svg ... 
2018-07-19 02:58:29 +0000  10403 bytes for ./Payload/Grand Prix.app/www/img/qrcode.svg
2018-07-19 02:58:29 +0000  copying file ./Payload/Grand Prix.app/www/img/lotion_massage.jpg ... 
2018-07-19 02:58:29 +0000  76641 bytes for ./Payload/Grand Prix.app/www/img/lotion_massage.jpg
2018-07-19 02:58:29 +0000  copying file ./Payload/Grand Prix.app/www/img/cancelled.png ... 
4366 bytes for ./Payload/Grand Prix.app/www/img/cancelled.png
copying file ./Payload/Grand Prix.app/www/img/packing.png ... 
2018-07-19 02:58:29 +0000  52357 bytes for ./Payload/Grand Prix.app/www/img/packing.png
copying file ./Payload/Grand Prix.app/www/img/leaf-shadow.png ... 
2018-07-19 02:58:29 +0000  3236 bytes for ./Payload/Grand Prix.app/www/img/leaf-shadow.png
copying file ./Payload/Grand Prix.app/www/img/avatar.jpg ... 
2018-07-19 02:58:29 +0000  3131 bytes for ./Payload/Grand Prix.app/www/img/avatar.jpg
copying file ./Payload/Grand Prix.app/www/img/delivered.png ... 
2018-07-19 02:58:29 +0000  3409 bytes for ./Payload/Grand Prix.app/www/img/delivered.png
copying file ./Payload/Grand Prix.app/www/img/leaf-red.png ... 
2018-07-19 02:58:29 +0000  5753 bytes for ./Payload/Grand Prix.app/www/img/leaf-red.png
2018-07-19 02:58:29 +0000  copying file ./Payload/Grand Prix.app/www/img/membership.png ... 
2018-07-19 02:58:29 +0000  52422 bytes for ./Payload/Grand Prix.app/www/img/membership.png
copying file ./Payload/Grand Prix.app/www/img/qr_code.jpg ... 
2018-07-19 02:58:29 +0000  415 bytes for ./Payload/Grand Prix.app/www/img/qr_code.jpg
copying file ./Payload/Grand Prix.app/www/img/zull-wine-design.jpg ... 
2018-07-19 02:58:29 +0000  110183 bytes for ./Payload/Grand Prix.app/www/img/zull-wine-design.jpg
copying file ./Payload/Grand Prix.app/www/img/maps-and-flags.png ... 
2018-07-19 02:58:29 +0000  2234 bytes for ./Payload/Grand Prix.app/www/img/maps-and-flags.png
copying file ./Payload/Grand Prix.app/www/img/leaf-orange.png ... 
2018-07-19 02:58:29 +0000  5860 bytes for ./Payload/Grand Prix.app/www/img/leaf-orange.png
copying file ./Payload/Grand Prix.app/www/img/shampoo.jpg ... 
2018-07-19 02:58:29 +0000  161136 bytes for ./Payload/Grand Prix.app/www/img/shampoo.jpg
copying file ./Payload/Grand Prix.app/www/img/membecardqr.png ... 
2018-07-19 02:58:29 +0000  70510 bytes for ./Payload/Grand Prix.app/www/img/membecardqr.png
copying file ./Payload/Grand Prix.app/www/img/leaf-green.png ... 
2018-07-19 02:58:29 +0000  5687 bytes for ./Payload/Grand Prix.app/www/img/leaf-green.png
2018-07-19 02:58:29 +0000  copying file ./Payload/Grand Prix.app/www/img/gravatarjj.png ... 
2018-07-19 02:58:29 +0000  8530 bytes for ./Payload/Grand Prix.app/www/img/gravatarjj.png
copying file ./Payload/Grand Prix.app/www/mike.html ... 
2018-07-19 02:58:29 +0000  329 bytes for ./Payload/Grand Prix.app/www/mike.html
copying file ./Payload/Grand Prix.app/www/cordova-js-src/exec.js ... 
2018-07-19 02:58:29 +0000  8877 bytes for ./Payload/Grand Prix.app/www/cordova-js-src/exec.js
copying file ./Payload/Grand Prix.app/www/cordova-js-src/platform.js ... 
2018-07-19 02:58:29 +0000  943 bytes for ./Payload/Grand Prix.app/www/cordova-js-src/platform.js
copying file ./Payload/Grand Prix.app/www/lib/css/ionic.css ... 
2018-07-19 02:58:29 +0000  234373 bytes for ./Payload/Grand Prix.app/www/lib/css/ionic.css
copying file ./Payload/Grand Prix.app/www/lib/css/ionic.min.css ... 
2018-07-19 02:58:29 +0000  182667 bytes for ./Payload/Grand Prix.app/www/lib/css/ionic.min.css
2018-07-19 02:58:29 +0000  copying file ./Payload/Grand Prix.app/www/lib/js/ionic-angular.min.js ... 
2018-07-19 02:58:29 +0000  80410 bytes for ./Payload/Grand Prix.app/www/lib/js/ionic-angular.min.js
copying file ./Payload/Grand Prix.app/www/lib/js/ionic.js ... 
2018-07-19 02:58:29 +0000  236559 bytes for ./Payload/Grand Prix.app/www/lib/js/ionic.js
2018-07-19 02:58:29 +0000  copying file ./Payload/Grand Prix.app/www/lib/js/angular/angular.min.js ... 
2018-07-19 02:58:29 +0000  107449 bytes for ./Payload/Grand Prix.app/www/lib/js/angular/angular.min.js
copying file ./Payload/Grand Prix.app/www/lib/js/angular/angular-sanitize.js ... 
2018-07-19 02:58:29 +0000  21794 bytes for ./Payload/Grand Prix.app/www/lib/js/angular/angular-sanitize.js
copying file ./Payload/Grand Prix.app/www/lib/js/angular/angular.js ... 
2018-07-19 02:58:29 +0000  783193 bytes for ./Payload/Grand Prix.app/www/lib/js/angular/angular.js
copying file ./Payload/Grand Prix.app/www/lib/js/angular/angular-sanitize.min.js ... 
2018-07-19 02:58:29 +0000  4560 bytes for ./Payload/Grand Prix.app/www/lib/js/angular/angular-sanitize.min.js
copying file ./Payload/Grand Prix.app/www/lib/js/angular/angular-animate.js ... 
2018-07-19 02:58:29 +0000  77392 bytes for ./Payload/Grand Prix.app/www/lib/js/angular/angular-animate.js
copying file ./Payload/Grand Prix.app/www/lib/js/angular/angular-resource.js ... 
2018-07-19 02:58:29 +0000  24996 bytes for ./Payload/Grand Prix.app/www/lib/js/angular/angular-resource.js
copying file ./Payload/Grand Prix.app/www/lib/js/angular/angular-resource.min.js ... 
2018-07-19 02:58:29 +0000  3327 bytes for ./Payload/Grand Prix.app/www/lib/js/angular/angular-resource.min.js
copying file ./Payload/Grand Prix.app/www/lib/js/angular/angular-animate.min.js ... 
2018-07-19 02:58:29 +0000  11221 bytes for ./Payload/Grand Prix.app/www/lib/js/angular/angular-animate.min.js
2018-07-19 02:58:29 +0000  copying file ./Payload/Grand Prix.app/www/lib/js/angular-ui/angular-ui-router.js ... 
2018-07-19 02:58:29 +0000  116478 bytes for ./Payload/Grand Prix.app/www/lib/js/angular-ui/angular-ui-router.js
2018-07-19 02:58:29 +0000  copying file ./Payload/Grand Prix.app/www/lib/js/angular-ui/angular-ui-router.min.js ... 
2018-07-19 02:58:29 +0000  20367 bytes for ./Payload/Grand Prix.app/www/lib/js/angular-ui/angular-ui-router.min.js
2018-07-19 02:58:29 +0000  copying file ./Payload/Grand Prix.app/www/lib/js/ionic.bundle.js ... 
2018-07-19 02:58:29 +0000  1526420 bytes for ./Payload/Grand Prix.app/www/lib/js/ionic.bundle.js
2018-07-19 02:58:29 +0000  copying file ./Payload/Grand Prix.app/www/lib/js/ionic-angular.js ... 
2018-07-19 02:58:29 +0000  290003 bytes for ./Payload/Grand Prix.app/www/lib/js/ionic-angular.js
copying file ./Payload/Grand Prix.app/www/lib/js/ionic.bundle.min.js ... 
2018-07-19 02:58:29 +0000  305939 bytes for ./Payload/Grand Prix.app/www/lib/js/ionic.bundle.min.js
2018-07-19 02:58:29 +0000  copying file ./Payload/Grand Prix.app/www/lib/js/ionic.min.js ... 
2018-07-19 02:58:29 +0000  80931 bytes for ./Payload/Grand Prix.app/www/lib/js/ionic.min.js
2018-07-19 02:58:29 +0000  copying file ./Payload/Grand Prix.app/www/lib/fonts/ionicons.eot ... 
2018-07-19 02:58:29 +0000  101984 bytes for ./Payload/Grand Prix.app/www/lib/fonts/ionicons.eot
copying file ./Payload/Grand Prix.app/www/lib/fonts/ionicons.woff ... 
2018-07-19 02:58:29 +0000  57276 bytes for ./Payload/Grand Prix.app/www/lib/fonts/ionicons.woff
copying file ./Payload/Grand Prix.app/www/lib/fonts/ionicons.ttf ... 
2018-07-19 02:58:29 +0000  164548 bytes for ./Payload/Grand Prix.app/www/lib/fonts/ionicons.ttf
copying file ./Payload/Grand Prix.app/www/lib/fonts/ionicons.svg ... 
2018-07-19 02:58:29 +0000  286345 bytes for ./Payload/Grand Prix.app/www/lib/fonts/ionicons.svg
2018-07-19 02:58:29 +0000  copying file ./Payload/Grand Prix.app/www/templates/case.html ... 
1044 bytes for ./Payload/Grand Prix.app/www/templates/case.html
copying file ./Payload/Grand Prix.app/www/templates/profile.html ... 
2494 bytes for ./Payload/Grand Prix.app/www/templates/profile.html
2018-07-19 02:58:29 +0000  copying file ./Payload/Grand Prix.app/www/templates/offer-detail.html ... 
2018-07-19 02:58:29 +0000  1430 bytes for ./Payload/Grand Prix.app/www/templates/offer-detail.html
copying file ./Payload/Grand Prix.app/www/templates/activity-list.html ... 
2018-07-19 02:58:29 +0000  1192 bytes for ./Payload/Grand Prix.app/www/templates/activity-list.html
copying file ./Payload/Grand Prix.app/www/templates/wave.html ... 
2018-07-19 02:58:29 +0000  727 bytes for ./Payload/Grand Prix.app/www/templates/wave.html
copying file ./Payload/Grand Prix.app/www/templates/edit-profile.html ... 
2018-07-19 02:58:29 +0000  4806 bytes for ./Payload/Grand Prix.app/www/templates/edit-profile.html
copying file ./Payload/Grand Prix.app/www/templates/redeem.html ... 
723 bytes for ./Payload/Grand Prix.app/www/templates/redeem.html
copying file ./Payload/Grand Prix.app/www/templates/journey_builder_survey.html ... 
2018-07-19 02:58:29 +0000  1055 bytes for ./Payload/Grand Prix.app/www/templates/journey_builder_survey.html
copying file ./Payload/Grand Prix.app/www/templates/menu.html ... 
4768 bytes for ./Payload/Grand Prix.app/www/templates/menu.html
2018-07-19 02:58:29 +0000  copying file ./Payload/Grand Prix.app/www/templates/server-url-setting.html ... 
553 bytes for ./Payload/Grand Prix.app/www/templates/server-url-setting.html
copying file ./Payload/Grand Prix.app/www/templates/start.html ... 
284 bytes for ./Payload/Grand Prix.app/www/templates/start.html
2018-07-19 02:58:29 +0000  copying file ./Payload/Grand Prix.app/www/templates/store-locator.html ... 
749 bytes for ./Payload/Grand Prix.app/www/templates/store-locator.html
copying file ./Payload/Grand Prix.app/www/templates/login.html ... 
2018-07-19 02:58:29 +0000  1187 bytes for ./Payload/Grand Prix.app/www/templates/login.html
copying file ./Payload/Grand Prix.app/www/templates/offer-thanks.html ... 
1890 bytes for ./Payload/Grand Prix.app/www/templates/offer-thanks.html
copying file ./Payload/Grand Prix.app/www/templates/gallery.html ... 
2018-07-19 02:58:29 +0000  1355 bytes for ./Payload/Grand Prix.app/www/templates/gallery.html
copying file ./Payload/Grand Prix.app/www/templates/wishlist-detail.html ... 
2018-07-19 02:58:29 +0000  1943 bytes for ./Payload/Grand Prix.app/www/templates/wishlist-detail.html
copying file ./Payload/Grand Prix.app/www/templates/wallet.html ... 
984 bytes for ./Payload/Grand Prix.app/www/templates/wallet.html
copying file ./Payload/Grand Prix.app/www/templates/orders.html ... 
2018-07-19 02:58:29 +0000  1014 bytes for ./Payload/Grand Prix.app/www/templates/orders.html
copying file ./Payload/Grand Prix.app/www/templates/welcome.html ... 
728 bytes for ./Payload/Grand Prix.app/www/templates/welcome.html
copying file ./Payload/Grand Prix.app/www/templates/trolley-locator.html ... 
746 bytes for ./Payload/Grand Prix.app/www/templates/trolley-locator.html
copying file ./Payload/Grand Prix.app/www/templates/product-list.html ... 
2018-07-19 02:58:29 +0000  1048 bytes for ./Payload/Grand Prix.app/www/templates/product-list.html
2018-07-19 02:58:29 +0000  copying file ./Payload/Grand Prix.app/www/templates/offer-qrcode.html ... 
2018-07-19 02:58:29 +0000  1932 bytes for ./Payload/Grand Prix.app/www/templates/offer-qrcode.html
copying file ./Payload/Grand Prix.app/www/templates/settings.html ... 
2018-07-19 02:58:29 +0000  1282 bytes for ./Payload/Grand Prix.app/www/templates/settings.html
copying file ./Payload/Grand Prix.app/www/templates/chatterfeed.html ... 
2018-07-19 02:58:29 +0000  741 bytes for ./Payload/Grand Prix.app/www/templates/chatterfeed.html
copying file ./Payload/Grand Prix.app/www/templates/logout.html ... 
2018-07-19 02:58:29 +0000  624 bytes for ./Payload/Grand Prix.app/www/templates/logout.html
copying file ./Payload/Grand Prix.app/www/templates/product-detail.html ... 
2121 bytes for ./Payload/Grand Prix.app/www/templates/product-detail.html
copying file ./Payload/Grand Prix.app/www/templates/productcat.html ... 
2018-07-19 02:58:29 +0000  900 bytes for ./Payload/Grand Prix.app/www/templates/productcat.html
copying file ./Payload/Grand Prix.app/www/templates/offer-list.html ... 
1547 bytes for ./Payload/Grand Prix.app/www/templates/offer-list.html
copying file ./Payload/Grand Prix.app/www/templates/wishlist.html ... 
2018-07-19 02:58:29 +0000  1218 bytes for ./Payload/Grand Prix.app/www/templates/wishlist.html
copying file ./Payload/Grand Prix.app/www/templates/signup.html ... 
2018-07-19 02:58:29 +0000  1334 bytes for ./Payload/Grand Prix.app/www/templates/signup.html
copying file ./Payload/Grand Prix.app/www/templates/oauthcallback.html ... 
375 bytes for ./Payload/Grand Prix.app/www/templates/oauthcallback.html
copying file ./Payload/Grand Prix.app/www/templates/membershipcard.html ... 
2018-07-19 02:58:29 +0000  379 bytes for ./Payload/Grand Prix.app/www/templates/membershipcard.html
copying file ./Payload/Grand Prix.app/www/cordova_plugins.js ... 
2018-07-19 02:58:29 +0000  12826 bytes for ./Payload/Grand Prix.app/www/cordova_plugins.js
copying file ./Payload/Grand Prix.app/www/oauthcallback.html ... 
2018-07-19 02:58:29 +0000  125 bytes for ./Payload/Grand Prix.app/www/oauthcallback.html
copying file ./Payload/Grand Prix.app/LaunchImage-700-Portrait~ipad.png ... 
2018-07-19 02:58:29 +0000  74890 bytes for ./Payload/Grand Prix.app/LaunchImage-700-Portrait~ipad.png
copying file ./Payload/Grand Prix.app/Assets.car ... 
2018-07-19 02:58:29 +0000  75400 bytes for ./Payload/Grand Prix.app/Assets.car
2018-07-19 02:58:29 +0000  copying file ./Payload/Grand Prix.app/LaunchImage-800-Portrait-736h@3x.png ... 
2018-07-19 02:58:29 +0000  1628791 bytes for ./Payload/Grand Prix.app/LaunchImage-800-Portrait-736h@3x.png
2018-07-19 02:58:29 +0000  copying file ./Payload/Grand Prix.app/CDVLaunchScreen.storyboardc/01J-lp-oVM-view-Ze5-6b-2t3.nib ... 
2286 bytes for ./Payload/Grand Prix.app/CDVLaunchScreen.storyboardc/01J-lp-oVM-view-Ze5-6b-2t3.nib
copying file ./Payload/Grand Prix.app/CDVLaunchScreen.storyboardc/UIViewController-01J-lp-oVM.nib ... 
832 bytes for ./Payload/Grand Prix.app/CDVLaunchScreen.storyboardc/UIViewController-01J-lp-oVM.nib
copying file ./Payload/Grand Prix.app/CDVLaunchScreen.storyboardc/Info.plist ... 
258 bytes for ./Payload/Grand Prix.app/CDVLaunchScreen.storyboardc/Info.plist
copying file ./Payload/Grand Prix.app/CDVNotification.bundle/beep.wav ... 
2018-07-19 02:58:29 +0000  8114 bytes for ./Payload/Grand Prix.app/CDVNotification.bundle/beep.wav
2018-07-19 02:58:29 +0000  copying file ./Payload/Grand Prix.app/embedded.mobileprovision ... 
2018-07-19 02:58:29 +0000  11399 bytes for ./Payload/Grand Prix.app/embedded.mobileprovision
copying file ./Payload/Grand Prix.app/LaunchImage-700-Portrait@2x~ipad.png ... 
2018-07-19 02:58:29 +0000  154923 bytes for ./Payload/Grand Prix.app/LaunchImage-700-Portrait@2x~ipad.png
copying file ./Payload/Grand Prix.app/Info.plist ... 
2018-07-19 02:58:29 +0000  1990 bytes for ./Payload/Grand Prix.app/Info.plist
copying file ./Payload/Grand Prix.app/PkgInfo ... 
8 bytes for ./Payload/Grand Prix.app/PkgInfo
2018-07-19 02:58:29 +0000  2018-07-19 02:58:29 +0000  /usr/bin/ditto exited with 0

2018-07-19 02:58:29 +0000  
2018-07-19 02:58:29 +0000  Processing step: IDEDistributionCreateManifestStep
